<?xml version="1.0" encoding="UTF-8"?>
<testng-results ignored="0" total="1" passed="1" failed="0" skipped="0">
  <reporter-output>
  </reporter-output>
  <suite started-at="2025-11-27T18:27:35 IST" name="Default suite" finished-at="2025-11-27T18:27:37 IST" duration-ms="2377">
    <groups>
    </groups>
    <test started-at="2025-11-27T18:27:35 IST" name="Default test" finished-at="2025-11-27T18:27:37 IST" duration-ms="2377">
      <class name="com.qa.tests.LoginTest">
        <test-method signature="loginTest()[pri:0, instance:com.qa.tests.LoginTest@4d9e68d0]" started-at="2025-11-27T18:27:35 IST" name="loginTest" finished-at="2025-11-27T18:27:37 IST" duration-ms="2345" status="PASS">
          <reporter-output>
          </reporter-output>
        </test-method> <!-- loginTest -->
      </class> <!-- com.qa.tests.LoginTest -->
    </test> <!-- Default test -->
  </suite> <!-- Default suite -->
</testng-results>
